<?xml version="1.0" encoding="UTF-8"?>
<!-- Generated by org.testng.reporters.JUnitReportReporter -->
<testsuite hostname="Mitali" name="com.learntestng.AppTest" tests="1" failures="0" timestamp="9 Oct 2015 22:45:50 GMT" time="0.013" errors="0">
  <testcase name="SendMail" time="0.013" classname="com.learntestng.AppTest"/>
</testsuite>
